<?xml version="1.0" encoding="UTF-8"?>
<!-- Generated by org.testng.reporters.JUnitReportReporter -->
<testsuite hostname="LAPTOP-UBMQF7FC" failures="0" tests="1" name="com.mohs10.Report.PDFReportTest" time="23.417" errors="0" timestamp="2023-01-10T13:37:17 IST" skipped="0">
  <testcase classname="com.mohs10.Report.PDFReportTest" name="PDFreports" time="23.417"/>
  <system-out/>
</testsuite> <!-- com.mohs10.Report.PDFReportTest -->
