<?xml version="1.0" encoding="UTF-8"?>
<!-- Generated by org.testng.reporters.JUnitReportReporter -->
<testsuite hostname="kemas" failures="0" tests="1" name="com.mohs10.scripts.HomeTest" time="44.482" errors="0" timestamp="2023-02-01T11:04:36 IST" skipped="0">
  <testcase classname="com.mohs10.scripts.HomeTest" name="LoginTestCase" time="44.482"/>
  <system-out/>
</testsuite> <!-- com.mohs10.scripts.HomeTest -->
